#
# There is insufficient memory for the Java Runtime Environment to continue.
# Native memory allocation (malloc) failed to allocate 32744 bytes. Error detail: Chunk::new
# Possible reasons:
#   The system is out of physical RAM or swap space
#   This process is running with CompressedOops enabled, and the Java Heap may be blocking the growth of the native heap
# Possible solutions:
#   Reduce memory load on the system
#   Increase physical memory or swap space
#   Check if swap backing store is full
#   Decrease Java heap size (-Xmx/-Xms)
#   Decrease number of Java threads
#   Decrease Java thread stack sizes (-Xss)
#   Set larger code cache with -XX:ReservedCodeCacheSize=
#   JVM is running with Unscaled Compressed Oops mode in which the Java heap is
#     placed in the first 4GB address space. The Java Heap base address is the
#     maximum limit for the native heap growth. Please use -XX:HeapBaseMinAddress
#     to set the Java Heap base and to place the Java Heap above 4GB virtual address.
# This output file may be truncated or incomplete.
#
#  Out of Memory Error (arena.cpp:149), pid=7196, tid=10764
#
# JRE version: OpenJDK Runtime Environment (23.0.1+11) (build 23.0.1+11-39)
# Java VM: OpenJDK 64-Bit Server VM (23.0.1+11-39, mixed mode, emulated-client, sharing, tiered, compressed oops, compressed class ptrs, g1 gc, windows-amd64)
# No core dump will be written. Minidumps are not enabled by default on client versions of Windows
#

---------------  S U M M A R Y ------------

Command Line: -XX:TieredStopAtLevel=1 -Dspring.output.ansi.enabled=always -Dcom.sun.management.jmxremote -Dspring.jmx.enabled=true -Dspring.liveBeansView.mbeanDomain -Dspring.application.admin.enabled=true -Dmanagement.endpoints.jmx.exposure.include=* -javaagent:D:\IntelliJ IDEA 2024.3\lib\idea_rt.jar=52708:D:\IntelliJ IDEA 2024.3\bin -Dfile.encoding=UTF-8 -Dsun.stdout.encoding=UTF-8 -Dsun.stderr.encoding=UTF-8 hu.adatbazis.egyenisport.EgyenisportApplication

Host: Intel(R) Core(TM) i5-6200U CPU @ 2.30GHz, 4 cores, 3G,  Windows 10 , 64 bit Build 19041 (10.0.19041.5072)
Time: Sun Dec  1 23:10:01 2024 Közép-európai téli idBuild 19041 (10.0.19041.5072) elapsed time: 21.181706 seconds (0d 0h 0m 21s)

---------------  T H R E A D  ---------------

Current thread (0x0000025f12376cf0):  JavaThread "C1 CompilerThread0" daemon [_thread_in_native, id=10764, stack(0x000000e1b3b00000,0x000000e1b3c00000) (1024K)]


Current CompileTask:
C1:21181 5052       1       sun.rmi.server.UnicastRef::unmarshalValue (193 bytes)

Stack: [0x000000e1b3b00000,0x000000e1b3c00000]
Native frames: (J=compiled Java code, j=interpreted, Vv=VM code, C=native code)
V  [jvm.dll+0x6e08b9]  (no source info available)
V  [jvm.dll+0x87dc83]  (no source info available)
V  [jvm.dll+0x88010e]  (no source info available)
V  [jvm.dll+0x8807e3]  (no source info available)
V  [jvm.dll+0x27aee6]  (no source info available)
V  [jvm.dll+0xbc06f]  (no source info available)
V  [jvm.dll+0xbc2cb]  (no source info available)
V  [jvm.dll+0x19c7f1]  (no source info available)
V  [jvm.dll+0x1667bb]  (no source info available)
V  [jvm.dll+0x14ffd2]  (no source info available)
V  [jvm.dll+0x150173]  (no source info available)
V  [jvm.dll+0x1504db]  (no source info available)
V  [jvm.dll+0x14f8a8]  (no source info available)
V  [jvm.dll+0x1516ed]  (no source info available)
V  [jvm.dll+0x253cf1]  (no source info available)
V  [jvm.dll+0x251faa]  (no source info available)
V  [jvm.dll+0x3ee036]  (no source info available)
V  [jvm.dll+0x824f8b]  (no source info available)
V  [jvm.dll+0x6df065]  (no source info available)
C  [ucrtbase.dll+0x21bb2]  (no source info available)
C  [KERNEL32.DLL+0x17374]  (no source info available)
C  [ntdll.dll+0x4cc91]  (no source info available)

Lock stack of current Java thread (top to bottom):


---------------  P R O C E S S  ---------------

Threads class SMR info:
_java_thread_list=0x0000025f596e51a0, length=34, elements={
0x0000025f1236f110, 0x0000025f123707f0, 0x0000025f12374370, 0x0000025f12374dd0,
0x0000025f12375830, 0x0000025f12376290, 0x0000025f12376cf0, 0x0000025f124689d0,
0x0000025f1275c370, 0x0000025f1275c9e0, 0x0000025f580d4a80, 0x0000025f580f4180,
0x0000025f5819e700, 0x0000025f5813efe0, 0x0000025f583463b0, 0x0000025f5900de90,
0x0000025f5900f8d0, 0x0000025f590105f0, 0x0000025f5900ebb0, 0x0000025f5846c1b0,
0x0000025f5846ced0, 0x0000025f5846a0e0, 0x0000025f5846dbf0, 0x0000025f58470350,
0x0000025f5846ae00, 0x0000025f5846b490, 0x0000025f5846bb20, 0x0000025f5846c840,
0x0000025f58469a50, 0x0000025f5846d560, 0x0000025f5846e910, 0x0000025f5846efa0,
0x0000025f5846f630, 0x0000025f5846fcc0
}

Java Threads: ( => current thread )
  0x0000025f1236f110 JavaThread "Reference Handler"          daemon [_thread_blocked, id=11860, stack(0x000000e1b3500000,0x000000e1b3600000) (1024K)]
  0x0000025f123707f0 JavaThread "Finalizer"                  daemon [_thread_blocked, id=10248, stack(0x000000e1b3600000,0x000000e1b3700000) (1024K)]
  0x0000025f12374370 JavaThread "Signal Dispatcher"          daemon [_thread_blocked, id=6640, stack(0x000000e1b3700000,0x000000e1b3800000) (1024K)]
  0x0000025f12374dd0 JavaThread "Attach Listener"            daemon [_thread_blocked, id=7084, stack(0x000000e1b3800000,0x000000e1b3900000) (1024K)]
  0x0000025f12375830 JavaThread "Service Thread"             daemon [_thread_blocked, id=1008, stack(0x000000e1b3900000,0x000000e1b3a00000) (1024K)]
  0x0000025f12376290 JavaThread "Monitor Deflation Thread"   daemon [_thread_blocked, id=1672, stack(0x000000e1b3a00000,0x000000e1b3b00000) (1024K)]
=>0x0000025f12376cf0 JavaThread "C1 CompilerThread0"         daemon [_thread_in_native, id=10764, stack(0x000000e1b3b00000,0x000000e1b3c00000) (1024K)]
  0x0000025f124689d0 JavaThread "Common-Cleaner"             daemon [_thread_blocked, id=9244, stack(0x000000e1b3c00000,0x000000e1b3d00000) (1024K)]
  0x0000025f1275c370 JavaThread "Monitor Ctrl-Break"         daemon [_thread_in_native, id=3424, stack(0x000000e1b3e00000,0x000000e1b3f00000) (1024K)]
  0x0000025f1275c9e0 JavaThread "Notification Thread"        daemon [_thread_blocked, id=12968, stack(0x000000e1b3f00000,0x000000e1b4000000) (1024K)]
  0x0000025f580d4a80 JavaThread "RMI TCP Accept-0"           daemon [_thread_in_native, id=4928, stack(0x000000e1b4000000,0x000000e1b4100000) (1024K)]
  0x0000025f580f4180 JavaThread "RMI TCP Connection(1)-192.168.0.23" daemon [_thread_in_native, id=12664, stack(0x000000e1b4100000,0x000000e1b4200000) (1024K)]
  0x0000025f5819e700 JavaThread "RMI Scheduler(0)"           daemon [_thread_blocked, id=14208, stack(0x000000e1b4500000,0x000000e1b4600000) (1024K)]
  0x0000025f5813efe0 JavaThread "JMX server connection timeout 28" daemon [_thread_blocked, id=7460, stack(0x000000e1b4600000,0x000000e1b4700000) (1024K)]
  0x0000025f583463b0 JavaThread "RMI TCP Connection(2)-192.168.0.23" daemon [_thread_in_native, id=11924, stack(0x000000e1b4700000,0x000000e1b4800000) (1024K)]
  0x0000025f5900de90 JavaThread "Catalina-utility-1"                [_thread_blocked, id=14316, stack(0x000000e1b4a00000,0x000000e1b4b00000) (1024K)]
  0x0000025f5900f8d0 JavaThread "Catalina-utility-2"                [_thread_blocked, id=6152, stack(0x000000e1b4b00000,0x000000e1b4c00000) (1024K)]
  0x0000025f590105f0 JavaThread "container-0"                       [_thread_blocked, id=1400, stack(0x000000e1b4c00000,0x000000e1b4d00000) (1024K)]
  0x0000025f5900ebb0 JavaThread "mysql-cj-abandoned-connection-cleanup" daemon [_thread_blocked, id=10884, stack(0x000000e1b4d00000,0x000000e1b4e00000) (1024K)]
  0x0000025f5846c1b0 JavaThread "File Watcher"               daemon [_thread_blocked, id=2184, stack(0x000000e1b4f00000,0x000000e1b5000000) (1024K)]
  0x0000025f5846ced0 JavaThread "Live Reload Server"         daemon [_thread_in_native, id=2456, stack(0x000000e1b5000000,0x000000e1b5100000) (1024K)]
  0x0000025f5846a0e0 JavaThread "http-nio-8080-exec-1"       daemon [_thread_blocked, id=8300, stack(0x000000e1b4e00000,0x000000e1b4f00000) (1024K)]
  0x0000025f5846dbf0 JavaThread "http-nio-8080-exec-2"       daemon [_thread_blocked, id=7184, stack(0x000000e1b5100000,0x000000e1b5200000) (1024K)]
  0x0000025f58470350 JavaThread "http-nio-8080-exec-3"       daemon [_thread_blocked, id=6428, stack(0x000000e1b5200000,0x000000e1b5300000) (1024K)]
  0x0000025f5846ae00 JavaThread "http-nio-8080-exec-4"       daemon [_thread_blocked, id=1760, stack(0x000000e1b5300000,0x000000e1b5400000) (1024K)]
  0x0000025f5846b490 JavaThread "http-nio-8080-exec-5"       daemon [_thread_blocked, id=6540, stack(0x000000e1b5400000,0x000000e1b5500000) (1024K)]
  0x0000025f5846bb20 JavaThread "http-nio-8080-exec-6"       daemon [_thread_blocked, id=12804, stack(0x000000e1b5500000,0x000000e1b5600000) (1024K)]
  0x0000025f5846c840 JavaThread "http-nio-8080-exec-7"       daemon [_thread_blocked, id=13100, stack(0x000000e1b5600000,0x000000e1b5700000) (1024K)]
  0x0000025f58469a50 JavaThread "http-nio-8080-exec-8"       daemon [_thread_blocked, id=13556, stack(0x000000e1b5700000,0x000000e1b5800000) (1024K)]
  0x0000025f5846d560 JavaThread "http-nio-8080-exec-9"       daemon [_thread_blocked, id=13184, stack(0x000000e1b5800000,0x000000e1b5900000) (1024K)]
  0x0000025f5846e910 JavaThread "http-nio-8080-exec-10"      daemon [_thread_blocked, id=5364, stack(0x000000e1b5900000,0x000000e1b5a00000) (1024K)]
  0x0000025f5846efa0 JavaThread "http-nio-8080-Poller"       daemon [_thread_in_native, id=11092, stack(0x000000e1b5a00000,0x000000e1b5b00000) (1024K)]
  0x0000025f5846f630 JavaThread "http-nio-8080-Acceptor"     daemon [_thread_in_native, id=12836, stack(0x000000e1b5b00000,0x000000e1b5c00000) (1024K)]
  0x0000025f5846fcc0 JavaThread "DestroyJavaVM"                     [_thread_blocked, id=2988, stack(0x000000e1b2d00000,0x000000e1b2e00000) (1024K)]
Total: 34

Other Threads:
  0x0000025f035d6760 VMThread "VM Thread"                           [id=7152, stack(0x000000e1b3400000,0x000000e1b3500000) (1024K)]
  0x0000025f035c8b20 WatcherThread "VM Periodic Task Thread"        [id=11168, stack(0x000000e1b3300000,0x000000e1b3400000) (1024K)]
  0x0000025f035520b0 WorkerThread "GC Thread#0"                     [id=12624, stack(0x000000e1b2e00000,0x000000e1b2f00000) (1024K)]
  0x0000025f58116ec0 WorkerThread "GC Thread#1"                     [id=1344, stack(0x000000e1b4200000,0x000000e1b4300000) (1024K)]
  0x0000025f58123750 WorkerThread "GC Thread#2"                     [id=7664, stack(0x000000e1b4300000,0x000000e1b4400000) (1024K)]
  0x0000025f58130cb0 WorkerThread "GC Thread#3"                     [id=14028, stack(0x000000e1b4400000,0x000000e1b4500000) (1024K)]
  0x0000025f0355d4b0 ConcurrentGCThread "G1 Main Marker"            [id=13324, stack(0x000000e1b2f00000,0x000000e1b3000000) (1024K)]
  0x0000025f0355eee0 WorkerThread "G1 Conc#0"                       [id=5672, stack(0x000000e1b3000000,0x000000e1b3100000) (1024K)]
  0x0000025f035b7170 ConcurrentGCThread "G1 Refine#0"               [id=6804, stack(0x000000e1b3100000,0x000000e1b3200000) (1024K)]
  0x0000025f035b7c00 ConcurrentGCThread "G1 Service"                [id=4728, stack(0x000000e1b3200000,0x000000e1b3300000) (1024K)]
Total: 10

Threads with active compile tasks:
C1 CompilerThread0  21246 5052       1       sun.rmi.server.UnicastRef::unmarshalValue (193 bytes)
Total: 1

VM state: not at safepoint (normal execution)

VM Mutex/Monitor currently owned by a thread: None

Heap address: 0x00000000c1600000, size: 1002 MB, Compressed Oops mode: 32-bit

CDS archive(s) mapped at: [0x0000025f13000000-0x0000025f13d70000-0x0000025f13d70000), size 14090240, SharedBaseAddress: 0x0000025f13000000, ArchiveRelocationMode: 1.
Compressed class space mapped at: 0x0000025f14000000-0x0000025f54000000, reserved size: 1073741824
Narrow klass base: 0x0000025f13000000, Narrow klass shift: 0, Narrow klass range: 0x41000000

GC Precious Log:
 CardTable entry size: 512
 Card Set container configuration: InlinePtr #cards 5 size 8 Array Of Cards #cards 10 size 36 Howl #buckets 4 coarsen threshold 1843 Howl Bitmap #cards 512 size 80 coarsen threshold 460 Card regions per heap region 1 cards per card region 2048
 CPUs: 4 total, 4 available
 Memory: 4006M
 Large Page Support: Disabled
 NUMA Support: Disabled
 Compressed Oops: Enabled (32-bit)
 Heap Region Size: 1M
 Heap Min Capacity: 8M
 Heap Initial Capacity: 64M
 Heap Max Capacity: 1002M
 Pre-touch: Disabled
 Parallel Workers: 4
 Concurrent Workers: 1
 Concurrent Refinement Workers: 4
 Periodic GC: Disabled

Heap:
 garbage-first heap   total reserved 1026048K, committed 49152K, used 20150K [0x00000000c1600000, 0x0000000100000000)
  region size 1024K, 5 young (5120K), 3 survivors (3072K)
 Metaspace       used 31365K, committed 32064K, reserved 1114112K
  class space    used 4435K, committed 4736K, reserved 1048576K

Heap Regions: E=young(eden), S=young(survivor), O=old, HS=humongous(starts), HC=humongous(continues), CS=collection set, F=free, TAMS=top-at-mark-start, PB=parsable bottom
|   0|0x00000000c1600000, 0x00000000c1700000, 0x00000000c1700000|100%| O|  |TAMS 0x00000000c1600000| PB 0x00000000c1600000| Untracked |  0
|   1|0x00000000c1700000, 0x00000000c1800000, 0x00000000c1800000|100%| O|  |TAMS 0x00000000c1700000| PB 0x00000000c1700000| Untracked |  0
|   2|0x00000000c1800000, 0x00000000c1900000, 0x00000000c1900000|100%| O|  |TAMS 0x00000000c1800000| PB 0x00000000c1800000| Untracked |  0
|   3|0x00000000c1900000, 0x00000000c1a00000, 0x00000000c1a00000|100%| O|  |TAMS 0x00000000c1900000| PB 0x00000000c1900000| Untracked |  0
|   4|0x00000000c1a00000, 0x00000000c1b00000, 0x00000000c1b00000|100%| O|  |TAMS 0x00000000c1a00000| PB 0x00000000c1a00000| Untracked |  0
|   5|0x00000000c1b00000, 0x00000000c1c00000, 0x00000000c1c00000|100%| O|  |TAMS 0x00000000c1b00000| PB 0x00000000c1b00000| Untracked |  0
|   6|0x00000000c1c00000, 0x00000000c1d00000, 0x00000000c1d00000|100%| O|  |TAMS 0x00000000c1c00000| PB 0x00000000c1c00000| Untracked |  0
|   7|0x00000000c1d00000, 0x00000000c1de3900, 0x00000000c1e00000| 88%| O|  |TAMS 0x00000000c1d00000| PB 0x00000000c1d00000| Untracked |  0
|   8|0x00000000c1e00000, 0x00000000c1f00000, 0x00000000c1f00000|100%| O|  |TAMS 0x00000000c1e00000| PB 0x00000000c1e00000| Untracked |  0
|   9|0x00000000c1f00000, 0x00000000c2000000, 0x00000000c2000000|100%| O|  |TAMS 0x00000000c1f00000| PB 0x00000000c1f00000| Untracked |  0
|  10|0x00000000c2000000, 0x00000000c2100000, 0x00000000c2100000|100%| O|  |TAMS 0x00000000c2000000| PB 0x00000000c2000000| Untracked |  0
|  11|0x00000000c2100000, 0x00000000c2200000, 0x00000000c2200000|100%| O|  |TAMS 0x00000000c2100000| PB 0x00000000c2100000| Untracked |  0
|  12|0x00000000c2200000, 0x00000000c2300000, 0x00000000c2300000|100%| O|  |TAMS 0x00000000c2200000| PB 0x00000000c2200000| Untracked |  0
|  13|0x00000000c2300000, 0x00000000c23c9f60, 0x00000000c2400000| 78%| O|  |TAMS 0x00000000c2300000| PB 0x00000000c2300000| Untracked |  0
|  14|0x00000000c2400000, 0x00000000c2400000, 0x00000000c2500000|  0%| F|  |TAMS 0x00000000c2400000| PB 0x00000000c2400000| Untracked |  0
|  15|0x00000000c2500000, 0x00000000c2500000, 0x00000000c2600000|  0%| F|  |TAMS 0x00000000c2500000| PB 0x00000000c2500000| Untracked |  0
|  16|0x00000000c2600000, 0x00000000c2700000, 0x00000000c2700000|100%| O|  |TAMS 0x00000000c2600000| PB 0x00000000c2600000| Untracked |  0
|  17|0x00000000c2700000, 0x00000000c2800000, 0x00000000c2800000|100%| O|  |TAMS 0x00000000c2700000| PB 0x00000000c2700000| Untracked |  0
|  18|0x00000000c2800000, 0x00000000c2800000, 0x00000000c2900000|  0%| F|  |TAMS 0x00000000c2800000| PB 0x00000000c2800000| Untracked |  0
|  19|0x00000000c2900000, 0x00000000c2900000, 0x00000000c2a00000|  0%| F|  |TAMS 0x00000000c2900000| PB 0x00000000c2900000| Untracked |  0
|  20|0x00000000c2a00000, 0x00000000c2a00000, 0x00000000c2b00000|  0%| F|  |TAMS 0x00000000c2a00000| PB 0x00000000c2a00000| Untracked |  0
|  21|0x00000000c2b00000, 0x00000000c2b00000, 0x00000000c2c00000|  0%| F|  |TAMS 0x00000000c2b00000| PB 0x00000000c2b00000| Untracked |  0
|  22|0x00000000c2c00000, 0x00000000c2c00000, 0x00000000c2d00000|  0%| F|  |TAMS 0x00000000c2c00000| PB 0x00000000c2c00000| Untracked |  0
|  23|0x00000000c2d00000, 0x00000000c2e00000, 0x00000000c2e00000|100%| S|CS|TAMS 0x00000000c2d00000| PB 0x00000000c2d00000| Complete |  0
|  24|0x00000000c2e00000, 0x00000000c2f00000, 0x00000000c2f00000|100%| S|CS|TAMS 0x00000000c2e00000| PB 0x00000000c2e00000| Complete |  0
|  25|0x00000000c2f00000, 0x00000000c3000000, 0x00000000c3000000|100%| S|CS|TAMS 0x00000000c2f00000| PB 0x00000000c2f00000| Complete |  0
|  26|0x00000000c3000000, 0x00000000c3000000, 0x00000000c3100000|  0%| F|  |TAMS 0x00000000c3000000| PB 0x00000000c3000000| Untracked |  0
|  27|0x00000000c3100000, 0x00000000c3100000, 0x00000000c3200000|  0%| F|  |TAMS 0x00000000c3100000| PB 0x00000000c3100000| Untracked |  0
|  28|0x00000000c3200000, 0x00000000c3200000, 0x00000000c3300000|  0%| F|  |TAMS 0x00000000c3200000| PB 0x00000000c3200000| Untracked |  0
|  29|0x00000000c3300000, 0x00000000c3300000, 0x00000000c3400000|  0%| F|  |TAMS 0x00000000c3300000| PB 0x00000000c3300000| Untracked |  0
|  30|0x00000000c3400000, 0x00000000c3400000, 0x00000000c3500000|  0%| F|  |TAMS 0x00000000c3400000| PB 0x00000000c3400000| Untracked |  0
|  31|0x00000000c3500000, 0x00000000c3500000, 0x00000000c3600000|  0%| F|  |TAMS 0x00000000c3500000| PB 0x00000000c3500000| Untracked |  0
|  32|0x00000000c3600000, 0x00000000c3600000, 0x00000000c3700000|  0%| F|  |TAMS 0x00000000c3600000| PB 0x00000000c3600000| Untracked |  0
|  33|0x00000000c3700000, 0x00000000c3700000, 0x00000000c3800000|  0%| F|  |TAMS 0x00000000c3700000| PB 0x00000000c3700000| Untracked |  0
|  34|0x00000000c3800000, 0x00000000c3800000, 0x00000000c3900000|  0%| F|  |TAMS 0x00000000c3800000| PB 0x00000000c3800000| Untracked |  0
|  35|0x00000000c3900000, 0x00000000c3900000, 0x00000000c3a00000|  0%| F|  |TAMS 0x00000000c3900000| PB 0x00000000c3900000| Untracked |  0
|  36|0x00000000c3a00000, 0x00000000c3a00000, 0x00000000c3b00000|  0%| F|  |TAMS 0x00000000c3a00000| PB 0x00000000c3a00000| Untracked |  0
|  37|0x00000000c3b00000, 0x00000000c3b00000, 0x00000000c3c00000|  0%| F|  |TAMS 0x00000000c3b00000| PB 0x00000000c3b00000| Untracked |  0
|  38|0x00000000c3c00000, 0x00000000c3c00000, 0x00000000c3d00000|  0%| F|  |TAMS 0x00000000c3c00000| PB 0x00000000c3c00000| Untracked |  0
|  39|0x00000000c3d00000, 0x00000000c3d00000, 0x00000000c3e00000|  0%| F|  |TAMS 0x00000000c3d00000| PB 0x00000000c3d00000| Untracked |  0
|  40|0x00000000c3e00000, 0x00000000c3e00000, 0x00000000c3f00000|  0%| F|  |TAMS 0x00000000c3e00000| PB 0x00000000c3e00000| Untracked |  0
|  41|0x00000000c3f00000, 0x00000000c3f00000, 0x00000000c4000000|  0%| F|  |TAMS 0x00000000c3f00000| PB 0x00000000c3f00000| Untracked |  0
|  42|0x00000000c4000000, 0x00000000c4000000, 0x00000000c4100000|  0%| F|  |TAMS 0x00000000c4000000| PB 0x00000000c4000000| Untracked |  0
|  43|0x00000000c4100000, 0x00000000c4100000, 0x00000000c4200000|  0%| F|  |TAMS 0x00000000c4100000| PB 0x00000000c4100000| Untracked |  0
|  44|0x00000000c4200000, 0x00000000c4200000, 0x00000000c4300000|  0%| F|  |TAMS 0x00000000c4200000| PB 0x00000000c4200000| Untracked |  0
|  45|0x00000000c4300000, 0x00000000c4300000, 0x00000000c4400000|  0%| F|  |TAMS 0x00000000c4300000| PB 0x00000000c4300000| Untracked |  0
|  46|0x00000000c4400000, 0x00000000c442aaa8, 0x00000000c4500000| 16%| E|  |TAMS 0x00000000c4400000| PB 0x00000000c4400000| Complete |  0
|  63|0x00000000c5500000, 0x00000000c5600000, 0x00000000c5600000|100%| E|CS|TAMS 0x00000000c5500000| PB 0x00000000c5500000| Complete |  0

Card table byte_map: [0x0000025f0ec50000,0x0000025f0ee50000] _byte_map_base: 0x0000025f0e645000

Marking Bits: (CMBitMap*) 0x0000025f03552ee0
 Bits: [0x0000025f0ee50000, 0x0000025f0fdf8000)

Polling page: 0x0000025f01260000

Metaspace:

Usage:
  Non-class:     26.30 MB used.
      Class:      4.33 MB used.
       Both:     30.63 MB used.

Virtual space:
  Non-class space:       64.00 MB reserved,      26.69 MB ( 42%) committed,  1 nodes.
      Class space:        1.00 GB reserved,       4.62 MB ( <1%) committed,  1 nodes.
             Both:        1.06 GB reserved,      31.31 MB (  3%) committed. 

Chunk freelists:
   Non-Class:  5.28 MB
       Class:  11.41 MB
        Both:  16.69 MB

MaxMetaspaceSize: unlimited
CompressedClassSpaceSize: 1.00 GB
Initial GC threshold: 21.00 MB
Current GC threshold: 35.31 MB
CDS: on
 - commit_granule_bytes: 65536.
 - commit_granule_words: 8192.
 - virtual_space_node_default_size: 8388608.
 - enlarge_chunks_in_place: 1.
 - use_allocation_guard: 0.


Internal statistics:

num_allocs_failed_limit: 3.
num_arena_births: 788.
num_arena_deaths: 0.
num_vsnodes_births: 2.
num_vsnodes_deaths: 0.
num_space_committed: 501.
num_space_uncommitted: 0.
num_chunks_returned_to_freelist: 3.
num_chunks_taken_from_freelist: 1894.
num_chunk_merges: 3.
num_chunk_splits: 1272.
num_chunks_enlarged: 880.
num_inconsistent_stats: 0.

CodeCache: size=49152Kb used=7378Kb max_used=7878Kb free=41773Kb
 bounds [0x0000025f0bc50000, 0x0000025f0c410000, 0x0000025f0ec50000]
 total_blobs=5621, nmethods=5047, adapters=497, full_count=0
Compilation: enabled, stopped_count=0, restarted_count=0

Compilation events (20 events):
Event: 19.122 Thread 0x0000025f12376cf0 nmethod 5038 0x0000025f0be0ab88 code [0x0000025f0be0ad00, 0x0000025f0be0b200]
Event: 19.145 Thread 0x0000025f12376cf0 5039       1       java.io.ObjectInputStream$BlockDataInputStream::read (138 bytes)
Event: 19.146 Thread 0x0000025f12376cf0 nmethod 5039 0x0000025f0be0a588 code [0x0000025f0be0a700, 0x0000025f0be0ab28]
Event: 19.146 Thread 0x0000025f12376cf0 5040       1       javax.management.ObjectName::isPropertyListPattern (17 bytes)
Event: 19.146 Thread 0x0000025f12376cf0 nmethod 5040 0x0000025f0be0a288 code [0x0000025f0be0a3a0, 0x0000025f0be0a480]
Event: 19.146 Thread 0x0000025f12376cf0 5041       1       sun.nio.ch.NioSocketImpl::park (95 bytes)
Event: 19.147 Thread 0x0000025f12376cf0 nmethod 5041 0x0000025f0be09d08 code [0x0000025f0be09e80, 0x0000025f0be0a200]
Event: 19.148 Thread 0x0000025f12376cf0 5042       1       java.io.ObjectOutputStream$BlockDataOutputStream::writeBlockHeader (70 bytes)
Event: 19.149 Thread 0x0000025f12376cf0 nmethod 5042 0x0000025f0be09888 code [0x0000025f0be099e0, 0x0000025f0be09c58]
Event: 20.151 Thread 0x0000025f12376cf0 5043       1       java.io.ObjectStreamClass::hasWriteObjectData (9 bytes)
Event: 20.151 Thread 0x0000025f12376cf0 nmethod 5043 0x0000025f0be09588 code [0x0000025f0be096a0, 0x0000025f0be09818]
Event: 20.171 Thread 0x0000025f12376cf0 5044       1       sun.nio.ch.IOStatus::okayToRetry (22 bytes)
Event: 20.171 Thread 0x0000025f12376cf0 nmethod 5044 0x0000025f0be09288 code [0x0000025f0be093a0, 0x0000025f0be09478]
Event: 20.173 Thread 0x0000025f12376cf0 5045       1       sun.nio.ch.SocketDispatcher::write (8 bytes)
Event: 20.173 Thread 0x0000025f12376cf0 nmethod 5045 0x0000025f0be08f88 code [0x0000025f0be090a0, 0x0000025f0be09188]
Event: 21.175 Thread 0x0000025f12376cf0 5046       1       java.io.DataOutputStream::writeByte (14 bytes)
Event: 21.175 Thread 0x0000025f12376cf0 nmethod 5046 0x0000025f0be08c88 code [0x0000025f0be08da0, 0x0000025f0be08eb8]
Event: 21.175 Thread 0x0000025f12376cf0 5047   !   1       java.io.BufferedOutputStream::write (62 bytes)
Event: 21.176 Thread 0x0000025f12376cf0 nmethod 5047 0x0000025f0be08508 code [0x0000025f0be086c0, 0x0000025f0be08c08]
Event: 21.176 Thread 0x0000025f12376cf0 5052       1       sun.rmi.server.UnicastRef::unmarshalValue (193 bytes)

GC Heap History (18 events):
Event: 1.558 GC heap before
{Heap before GC invocations=0 (full 0):
 garbage-first heap   total reserved 1026048K, committed 65536K, used 13312K [0x00000000c1600000, 0x0000000100000000)
  region size 1024K, 14 young (14336K), 0 survivors (0K)
 Metaspace       used 5319K, committed 5504K, reserved 1114112K
  class space    used 665K, committed 768K, reserved 1048576K
}
Event: 1.570 GC heap after
{Heap after GC invocations=1 (full 0):
 garbage-first heap   total reserved 1026048K, committed 65536K, used 4800K [0x00000000c1600000, 0x0000000100000000)
  region size 1024K, 2 young (2048K), 2 survivors (2048K)
 Metaspace       used 5319K, committed 5504K, reserved 1114112K
  class space    used 665K, committed 768K, reserved 1048576K
}
Event: 2.204 GC heap before
{Heap before GC invocations=1 (full 0):
 garbage-first heap   total reserved 1026048K, committed 65536K, used 16064K [0x00000000c1600000, 0x0000000100000000)
  region size 1024K, 13 young (13312K), 2 survivors (2048K)
 Metaspace       used 8470K, committed 8768K, reserved 1114112K
  class space    used 1106K, committed 1216K, reserved 1048576K
}
Event: 2.212 GC heap after
{Heap after GC invocations=2 (full 0):
 garbage-first heap   total reserved 1026048K, committed 65536K, used 6133K [0x00000000c1600000, 0x0000000100000000)
  region size 1024K, 2 young (2048K), 2 survivors (2048K)
 Metaspace       used 8470K, committed 8768K, reserved 1114112K
  class space    used 1106K, committed 1216K, reserved 1048576K
}
Event: 3.203 GC heap before
{Heap before GC invocations=2 (full 0):
 garbage-first heap   total reserved 1026048K, committed 65536K, used 33781K [0x00000000c1600000, 0x0000000100000000)
  region size 1024K, 30 young (30720K), 2 survivors (2048K)
 Metaspace       used 14351K, committed 14784K, reserved 1114112K
  class space    used 1952K, committed 2112K, reserved 1048576K
}
Event: 3.208 GC heap after
{Heap after GC invocations=3 (full 0):
 garbage-first heap   total reserved 1026048K, committed 65536K, used 7962K [0x00000000c1600000, 0x0000000100000000)
  region size 1024K, 4 young (4096K), 4 survivors (4096K)
 Metaspace       used 14351K, committed 14784K, reserved 1114112K
  class space    used 1952K, committed 2112K, reserved 1048576K
}
Event: 4.060 GC heap before
{Heap before GC invocations=3 (full 0):
 garbage-first heap   total reserved 1026048K, committed 65536K, used 35610K [0x00000000c1600000, 0x0000000100000000)
  region size 1024K, 32 young (32768K), 4 survivors (4096K)
 Metaspace       used 19783K, committed 20160K, reserved 1114112K
  class space    used 2708K, committed 2880K, reserved 1048576K
}
Event: 4.069 GC heap after
{Heap after GC invocations=4 (full 0):
 garbage-first heap   total reserved 1026048K, committed 65536K, used 10383K [0x00000000c1600000, 0x0000000100000000)
  region size 1024K, 4 young (4096K), 4 survivors (4096K)
 Metaspace       used 19783K, committed 20160K, reserved 1114112K
  class space    used 2708K, committed 2880K, reserved 1048576K
}
Event: 4.757 GC heap before
{Heap before GC invocations=4 (full 0):
 garbage-first heap   total reserved 1026048K, committed 65536K, used 30863K [0x00000000c1600000, 0x0000000100000000)
  region size 1024K, 25 young (25600K), 4 survivors (4096K)
 Metaspace       used 21136K, committed 21504K, reserved 1114112K
  class space    used 2927K, committed 3072K, reserved 1048576K
}
Event: 4.767 GC heap after
{Heap after GC invocations=5 (full 0):
 garbage-first heap   total reserved 1026048K, committed 65536K, used 12039K [0x00000000c1600000, 0x0000000100000000)
  region size 1024K, 4 young (4096K), 4 survivors (4096K)
 Metaspace       used 21136K, committed 21504K, reserved 1114112K
  class space    used 2927K, committed 3072K, reserved 1048576K
}
Event: 5.503 GC heap before
{Heap before GC invocations=6 (full 0):
 garbage-first heap   total reserved 1026048K, committed 40960K, used 32519K [0x00000000c1600000, 0x0000000100000000)
  region size 1024K, 24 young (24576K), 4 survivors (4096K)
 Metaspace       used 23710K, committed 24192K, reserved 1114112K
  class space    used 3341K, committed 3520K, reserved 1048576K
}
Event: 5.515 GC heap after
{Heap after GC invocations=7 (full 0):
 garbage-first heap   total reserved 1026048K, committed 40960K, used 13577K [0x00000000c1600000, 0x0000000100000000)
  region size 1024K, 3 young (3072K), 3 survivors (3072K)
 Metaspace       used 23710K, committed 24192K, reserved 1114112K
  class space    used 3341K, committed 3520K, reserved 1048576K
}
Event: 6.106 GC heap before
{Heap before GC invocations=7 (full 0):
 garbage-first heap   total reserved 1026048K, committed 40960K, used 30985K [0x00000000c1600000, 0x0000000100000000)
  region size 1024K, 21 young (21504K), 3 survivors (3072K)
 Metaspace       used 26632K, committed 27200K, reserved 1114112K
  class space    used 3728K, committed 3968K, reserved 1048576K
}
Event: 6.116 GC heap after
{Heap after GC invocations=8 (full 0):
 garbage-first heap   total reserved 1026048K, committed 40960K, used 15553K [0x00000000c1600000, 0x0000000100000000)
  region size 1024K, 2 young (2048K), 2 survivors (2048K)
 Metaspace       used 26632K, committed 27200K, reserved 1114112K
  class space    used 3728K, committed 3968K, reserved 1048576K
}
Event: 7.005 GC heap before
{Heap before GC invocations=8 (full 0):
 garbage-first heap   total reserved 1026048K, committed 40960K, used 32961K [0x00000000c1600000, 0x0000000100000000)
  region size 1024K, 19 young (19456K), 2 survivors (2048K)
 Metaspace       used 28367K, committed 28928K, reserved 1114112K
  class space    used 3994K, committed 4224K, reserved 1048576K
}
Event: 7.011 GC heap after
{Heap after GC invocations=9 (full 0):
 garbage-first heap   total reserved 1026048K, committed 49152K, used 17182K [0x00000000c1600000, 0x0000000100000000)
  region size 1024K, 2 young (2048K), 2 survivors (2048K)
 Metaspace       used 28367K, committed 28928K, reserved 1114112K
  class space    used 3994K, committed 4224K, reserved 1048576K
}
Event: 8.050 GC heap before
{Heap before GC invocations=9 (full 0):
 garbage-first heap   total reserved 1026048K, committed 49152K, used 38686K [0x00000000c1600000, 0x0000000100000000)
  region size 1024K, 24 young (24576K), 2 survivors (2048K)
 Metaspace       used 31359K, committed 32064K, reserved 1114112K
  class space    used 4433K, committed 4736K, reserved 1048576K
}
Event: 8.056 GC heap after
{Heap after GC invocations=10 (full 0):
 garbage-first heap   total reserved 1026048K, committed 49152K, used 19126K [0x00000000c1600000, 0x0000000100000000)
  region size 1024K, 3 young (3072K), 3 survivors (3072K)
 Metaspace       used 31359K, committed 32064K, reserved 1114112K
  class space    used 4433K, committed 4736K, reserved 1048576K
}

Dll operation events (12 events):
Event: 0.034 Loaded shared library C:\Users\ZLATIBOR\.jdks\openjdk-23.0.1\bin\java.dll
Event: 0.326 Loaded shared library C:\Users\ZLATIBOR\.jdks\openjdk-23.0.1\bin\zip.dll
Event: 0.332 Loaded shared library C:\Users\ZLATIBOR\.jdks\openjdk-23.0.1\bin\instrument.dll
Event: 0.340 Loaded shared library C:\Users\ZLATIBOR\.jdks\openjdk-23.0.1\bin\net.dll
Event: 0.345 Loaded shared library C:\Users\ZLATIBOR\.jdks\openjdk-23.0.1\bin\nio.dll
Event: 0.349 Loaded shared library C:\Users\ZLATIBOR\.jdks\openjdk-23.0.1\bin\zip.dll
Event: 0.484 Loaded shared library D:\IntelliJ IDEA 2024.3\bin\breakgen64.dll
Event: 0.539 Loaded shared library C:\Users\ZLATIBOR\.jdks\openjdk-23.0.1\bin\extnet.dll
Event: 0.540 Loaded shared library C:\Users\ZLATIBOR\.jdks\openjdk-23.0.1\bin\jimage.dll
Event: 0.622 Loaded shared library C:\Users\ZLATIBOR\.jdks\openjdk-23.0.1\bin\management.dll
Event: 0.663 Loaded shared library C:\Users\ZLATIBOR\.jdks\openjdk-23.0.1\bin\management_ext.dll
Event: 3.903 Loaded shared library C:\Users\ZLATIBOR\.jdks\openjdk-23.0.1\bin\sunmscapi.dll

Deoptimization events (0 events):
No events

Classes loaded (20 events):
Event: 7.599 Loading class com/sun/beans/util/Cache$Kind
Event: 7.599 Loading class com/sun/beans/util/Cache$Kind done
Event: 7.599 Loading class com/sun/beans/util/Cache$Kind$1
Event: 7.600 Loading class com/sun/beans/util/Cache$Kind$1 done
Event: 7.600 Loading class com/sun/beans/util/Cache$Kind$2
Event: 7.600 Loading class com/sun/beans/util/Cache$Kind$2 done
Event: 7.600 Loading class com/sun/beans/util/Cache$Kind$3
Event: 7.600 Loading class com/sun/beans/util/Cache$Kind$3 done
Event: 7.600 Loading class com/sun/beans/util/Cache$CacheEntry
Event: 7.600 Loading class com/sun/beans/util/Cache$CacheEntry done
Event: 8.040 Loading class javax/management/remote/rmi/RMIConnectionImpl$6
Event: 8.041 Loading class javax/management/remote/rmi/RMIConnectionImpl$6 done
Event: 8.041 Loading class javax/management/remote/rmi/RMIConnectionImpl$7
Event: 8.042 Loading class javax/management/remote/rmi/RMIConnectionImpl$7 done
Event: 8.042 Loading class com/sun/jmx/remote/util/OrderClassLoaders
Event: 8.043 Loading class com/sun/jmx/remote/util/OrderClassLoaders done
Event: 8.043 Loading class javax/management/remote/rmi/RMIConnectionImpl$SetCcl
Event: 8.044 Loading class javax/management/remote/rmi/RMIConnectionImpl$SetCcl done
Event: 8.044 Loading class java/rmi/MarshalledObject$MarshalledObjectInputStream
Event: 8.045 Loading class java/rmi/MarshalledObject$MarshalledObjectInputStream done

Classes unloaded (0 events):
No events

Classes redefined (0 events):
No events

Internal exceptions (20 events):
Event: 5.669 Thread 0x0000025f585e4280 Exception <a 'java/lang/NoSuchMethodError'{0x00000000c3efeac8}: 'java.lang.Object java.lang.invoke.DirectMethodHandle$Holder.invokeVirtual(java.lang.Object, java.lang.Object, java.lang.Object, java.lang.Object, java.lang.Object, java.lang.Object)'> (0x00000000c3efeac8) 
thrown [s\open\src\hotspot\share\interpreter\linkResolver.cpp, line 796]
Event: 5.719 Thread 0x0000025f585e4280 Exception <a 'java/lang/NoSuchMethodError'{0x00000000c38407f0}: 'void java.lang.invoke.DirectMethodHandle$Holder.invokeInterface(java.lang.Object, java.lang.Object, int)'> (0x00000000c38407f0) 
thrown [s\open\src\hotspot\share\interpreter\linkResolver.cpp, line 796]
Event: 5.724 Thread 0x0000025f585e4280 Exception <a 'java/lang/IncompatibleClassChangeError'{0x00000000c38840c0}: Found class java.lang.Object, but interface was expected> (0x00000000c38840c0) 
thrown [s\open\src\hotspot\share\interpreter\linkResolver.cpp, line 863]
Event: 5.731 Thread 0x0000025f585e4280 Exception <a 'java/lang/NoSuchMethodError'{0x00000000c38d7510}: 'void java.lang.invoke.DirectMethodHandle$Holder.invokeStatic(java.lang.Object, java.lang.Object, java.lang.Object, int, java.lang.Object)'> (0x00000000c38d7510) 
thrown [s\open\src\hotspot\share\interpreter\linkResolver.cpp, line 796]
Event: 5.731 Thread 0x0000025f585e4280 Exception <a 'java/lang/NoSuchMethodError'{0x00000000c38ddef0}: 'java.lang.Object java.lang.invoke.DirectMethodHandle$Holder.newInvokeSpecial(java.lang.Object, java.lang.Object, java.lang.Object, int)'> (0x00000000c38ddef0) 
thrown [s\open\src\hotspot\share\interpreter\linkResolver.cpp, line 796]
Event: 5.731 Thread 0x0000025f585e4280 Exception <a 'java/lang/NoSuchMethodError'{0x00000000c38e1e48}: 'java.lang.Object java.lang.invoke.DirectMethodHandle$Holder.invokeSpecial(java.lang.Object, java.lang.Object, java.lang.Object, java.lang.Object, int)'> (0x00000000c38e1e48) 
thrown [s\open\src\hotspot\share\interpreter\linkResolver.cpp, line 796]
Event: 5.732 Thread 0x0000025f585e4280 Exception <a 'java/lang/NoSuchMethodError'{0x00000000c38e52f8}: 'java.lang.Object java.lang.invoke.Invokers$Holder.linkToTargetMethod(java.lang.Object, java.lang.Object, int, java.lang.Object)'> (0x00000000c38e52f8) 
thrown [s\open\src\hotspot\share\interpreter\linkResolver.cpp, line 796]
Event: 6.037 Thread 0x0000025f585e4280 Exception <a 'java/lang/NoSuchMethodError'{0x00000000c2d04fd8}: 'int java.lang.invoke.DirectMethodHandle$Holder.invokeVirtual(java.lang.Object, java.lang.Object, java.lang.Object, java.lang.Object)'> (0x00000000c2d04fd8) 
thrown [s\open\src\hotspot\share\interpreter\linkResolver.cpp, line 796]
Event: 6.038 Thread 0x0000025f585e4280 Exception <a 'java/lang/NoSuchMethodError'{0x00000000c2d088b0}: 'int java.lang.invoke.DelegatingMethodHandle$Holder.reinvoke_L(java.lang.Object, java.lang.Object, java.lang.Object, java.lang.Object)'> (0x00000000c2d088b0) 
thrown [s\open\src\hotspot\share\interpreter\linkResolver.cpp, line 796]
Event: 6.126 Thread 0x0000025f585e4280 Exception <a 'java/io/FileNotFoundException'{0x00000000c5546440}> (0x00000000c5546440) 
thrown [s\open\src\hotspot\share\prims\jni.cpp, line 520]
Event: 6.150 Thread 0x0000025f585e4280 Exception <a 'java/lang/NoSuchMethodError'{0x00000000c4034c38}: 'int java.lang.invoke.DirectMethodHandle$Holder.invokeInterface(java.lang.Object, java.lang.Object, java.lang.Object, java.lang.Object)'> (0x00000000c4034c38) 
thrown [s\open\src\hotspot\share\interpreter\linkResolver.cpp, line 796]
Event: 6.616 Thread 0x0000025f585e4280 Exception <a 'java/lang/NoSuchMethodError'{0x00000000c3d7f2e0}: 'void java.lang.invoke.Invokers$Holder.invokeExact_MT(java.lang.Object, java.lang.Object, java.lang.Object, java.lang.Object)'> (0x00000000c3d7f2e0) 
thrown [s\open\src\hotspot\share\interpreter\linkResolver.cpp, line 796]
Event: 6.775 Thread 0x0000025f585e4280 Exception <a 'java/lang/NoSuchMethodError'{0x00000000c348c1c0}: 'int java.lang.invoke.DirectMethodHandle$Holder.invokeStaticInit(java.lang.Object, int, java.lang.Object, java.lang.Object, java.lang.Object, java.lang.Object)'> (0x00000000c348c1c0) 
thrown [s\open\src\hotspot\share\interpreter\linkResolver.cpp, line 796]
Event: 6.957 Thread 0x0000025f585e4280 Exception <a 'java/lang/NoSuchMethodError'{0x00000000c2ff3400}: 'java.lang.Object java.lang.invoke.DirectMethodHandle$Holder.newInvokeSpecial(java.lang.Object, java.lang.Object, java.lang.Object, java.lang.Object, java.lang.Object, java.lang.Object, java.lang.Object, java.lang.Object)'> (0x00000000c2ff3400) 
thrown [s\open\src\hotspot\share\interpreter\linkResolver.cpp, line 796]
Event: 7.191 Thread 0x0000025f585e4280 Exception <a 'java/lang/IncompatibleClassChangeError'{0x00000000c3fec350}: Found class java.lang.Object, but interface was expected> (0x00000000c3fec350) 
thrown [s\open\src\hotspot\share\interpreter\linkResolver.cpp, line 863]
Event: 7.241 Thread 0x0000025f585e4280 Exception <a 'java/lang/NoSuchMethodError'{0x00000000c3d641a8}: 'void java.lang.invoke.DirectMethodHandle$Holder.invokeVirtual(java.lang.Object, java.lang.Object, long)'> (0x00000000c3d641a8) 
thrown [s\open\src\hotspot\share\interpreter\linkResolver.cpp, line 796]
Event: 7.303 Thread 0x0000025f585e4280 Exception <a 'java/lang/NoSuchMethodError'{0x00000000c3a08758}: 'int java.lang.invoke.DirectMethodHandle$Holder.invokeStaticInit(java.lang.Object, java.lang.Object, java.lang.Object, java.lang.Object)'> (0x00000000c3a08758) 
thrown [s\open\src\hotspot\share\interpreter\linkResolver.cpp, line 796]
Event: 7.470 Thread 0x0000025f585e4280 Exception <a 'java/lang/IncompatibleClassChangeError'{0x00000000c3445b98}: Found class java.lang.Object, but interface was expected> (0x00000000c3445b98) 
thrown [s\open\src\hotspot\share\interpreter\linkResolver.cpp, line 863]
Event: 7.550 Thread 0x0000025f585e4280 Exception <a 'java/lang/NoSuchMethodError'{0x00000000c3280180}: 'java.lang.Object java.lang.invoke.DirectMethodHandle$Holder.newInvokeSpecial(java.lang.Object, java.lang.Object, int, java.lang.Object, java.lang.Object)'> (0x00000000c3280180) 
thrown [s\open\src\hotspot\share\interpreter\linkResolver.cpp, line 796]
Event: 8.038 Thread 0x0000025f580f4180 Exception <a 'java/lang/NoSuchMethodError'{0x00000000c30cf510}: 'java.lang.Object java.lang.invoke.DirectMethodHandle$Holder.invokeInterface(java.lang.Object, java.lang.Object, java.lang.Object, java.lang.Object, java.lang.Object, java.lang.Object, java.lang.Object)'> (0x00000000c30cf510) 
thrown [s\open\src\hotspot\share\interpreter\linkResolver.cpp, line 796]

VM Operations (20 events):
Event: 6.106 Executing VM operation: G1CollectForAllocation (G1 Evacuation Pause)
Event: 6.116 Executing VM operation: G1CollectForAllocation (G1 Evacuation Pause) done
Event: 6.168 Executing VM operation: HandshakeAllThreads (Deoptimize)
Event: 6.168 Executing VM operation: HandshakeAllThreads (Deoptimize) done
Event: 6.168 Executing VM operation: HandshakeAllThreads (Deoptimize)
Event: 6.169 Executing VM operation: HandshakeAllThreads (Deoptimize) done
Event: 6.590 Executing VM operation: HandshakeAllThreads (Deoptimize)
Event: 6.590 Executing VM operation: HandshakeAllThreads (Deoptimize) done
Event: 7.005 Executing VM operation: G1CollectForAllocation (G1 Evacuation Pause)
Event: 7.011 Executing VM operation: G1CollectForAllocation (G1 Evacuation Pause) done
Event: 7.023 Executing VM operation: HandshakeAllThreads (Deoptimize)
Event: 7.023 Executing VM operation: HandshakeAllThreads (Deoptimize) done
Event: 7.044 Executing VM operation: HandshakeAllThreads (Deoptimize)
Event: 7.044 Executing VM operation: HandshakeAllThreads (Deoptimize) done
Event: 7.093 Executing VM operation: HandshakeAllThreads (Deoptimize)
Event: 7.093 Executing VM operation: HandshakeAllThreads (Deoptimize) done
Event: 7.272 Executing VM operation: HandshakeAllThreads (Deoptimize)
Event: 7.272 Executing VM operation: HandshakeAllThreads (Deoptimize) done
Event: 8.050 Executing VM operation: G1CollectForAllocation (G1 Evacuation Pause)
Event: 8.056 Executing VM operation: G1CollectForAllocation (G1 Evacuation Pause) done

Memory protections (0 events):
No events

Nmethod flushes (0 events):
No events

Events (20 events):
Event: 7.561 Thread 0x0000025f585e4280 Thread added: 0x0000025f5846ae00
Event: 7.561 Thread 0x0000025f585e4280 Thread added: 0x0000025f5846b490
Event: 7.561 Thread 0x0000025f585e4280 Thread added: 0x0000025f5846bb20
Event: 7.561 Thread 0x0000025f585e4280 Thread added: 0x0000025f5846c840
Event: 7.562 Thread 0x0000025f585e4280 Thread added: 0x0000025f58469a50
Event: 7.562 Thread 0x0000025f585e4280 Thread added: 0x0000025f5846d560
Event: 7.562 Thread 0x0000025f585e4280 Thread added: 0x0000025f5846e910
Event: 7.577 Thread 0x0000025f585e4280 Thread added: 0x0000025f5846efa0
Event: 7.578 Thread 0x0000025f585e4280 Thread added: 0x0000025f5846f630
Event: 7.597 Thread 0x0000025f585e4280 Thread exited: 0x0000025f585e4280
Event: 7.601 Thread 0x0000025f585e5630 Thread exited: 0x0000025f585e5630
Event: 7.601 Thread 0x0000025f0351b710 Thread exited: 0x0000025f0351b710
Event: 7.601 Thread 0x0000025f5846fcc0 Thread added: 0x0000025f5846fcc0
Event: 8.026 Thread 0x0000025f580f4180 Thread added: 0x0000025f584693c0
Event: 8.032 Thread 0x0000025f584693c0 Thread exited: 0x0000025f584693c0
Event: 8.033 Thread 0x0000025f580f4180 Thread added: 0x0000025f584693c0
Event: 8.046 Thread 0x0000025f584693c0 Thread exited: 0x0000025f584693c0
Event: 8.048 Thread 0x0000025f580f4180 Thread added: 0x0000025f584693c0
Event: 8.065 Thread 0x0000025f584693c0 Thread exited: 0x0000025f584693c0
Event: 11.978 Thread 0x0000025f1246cd80 Thread exited: 0x0000025f1246cd80


Dynamic libraries:
0x00007ff7002a0000 - 0x00007ff7002ae000 	C:\Users\ZLATIBOR\.jdks\openjdk-23.0.1\bin\java.exe
0x00007fffdbd30000 - 0x00007fffdbf28000 	C:\Windows\SYSTEM32\ntdll.dll
0x00007fffda350000 - 0x00007fffda412000 	C:\Windows\System32\KERNEL32.DLL
0x00007fffd9680000 - 0x00007fffd997e000 	C:\Windows\System32\KERNELBASE.dll
0x00007fffd94d0000 - 0x00007fffd95d0000 	C:\Windows\System32\ucrtbase.dll
0x00007fffb1120000 - 0x00007fffb1137000 	C:\Users\ZLATIBOR\.jdks\openjdk-23.0.1\bin\jli.dll
0x00007fffb1100000 - 0x00007fffb111b000 	C:\Users\ZLATIBOR\.jdks\openjdk-23.0.1\bin\VCRUNTIME140.dll
0x00007fffdac40000 - 0x00007fffdaddd000 	C:\Windows\System32\USER32.dll
0x00007fffd9ae0000 - 0x00007fffd9b02000 	C:\Windows\System32\win32u.dll
0x00007fffd9e40000 - 0x00007fffd9e6b000 	C:\Windows\System32\GDI32.dll
0x00007fffd9c30000 - 0x00007fffd9d47000 	C:\Windows\System32\gdi32full.dll
0x00007fffc5ce0000 - 0x00007fffc5f7a000 	C:\Windows\WinSxS\amd64_microsoft.windows.common-controls_6595b64144ccf1df_6.0.19041.4355_none_60b8b9eb71f62e16\COMCTL32.dll
0x00007fffd9b90000 - 0x00007fffd9c2d000 	C:\Windows\System32\msvcp_win.dll
0x00007fffda420000 - 0x00007fffda4be000 	C:\Windows\System32\msvcrt.dll
0x00007fffdaba0000 - 0x00007fffdabcf000 	C:\Windows\System32\IMM32.DLL
0x00007fffce1a0000 - 0x00007fffce1ac000 	C:\Users\ZLATIBOR\.jdks\openjdk-23.0.1\bin\vcruntime140_1.dll
0x00007fffa4190000 - 0x00007fffa421e000 	C:\Users\ZLATIBOR\.jdks\openjdk-23.0.1\bin\msvcp140.dll
0x00007fff7a830000 - 0x00007fff7b57f000 	C:\Users\ZLATIBOR\.jdks\openjdk-23.0.1\bin\server\jvm.dll
0x00007fffda900000 - 0x00007fffda9b1000 	C:\Windows\System32\ADVAPI32.dll
0x00007fffdb3b0000 - 0x00007fffdb44f000 	C:\Windows\System32\sechost.dll
0x00007fffdbbc0000 - 0x00007fffdbce3000 	C:\Windows\System32\RPCRT4.dll
0x00007fffd9b60000 - 0x00007fffd9b87000 	C:\Windows\System32\bcrypt.dll
0x00007fffdabd0000 - 0x00007fffdac3b000 	C:\Windows\System32\WS2_32.dll
0x00007fffc7cd0000 - 0x00007fffc7cf7000 	C:\Windows\SYSTEM32\WINMM.dll
0x00007fffd2450000 - 0x00007fffd245a000 	C:\Windows\SYSTEM32\VERSION.dll
0x00007fffd8f40000 - 0x00007fffd8f8b000 	C:\Windows\SYSTEM32\POWRPROF.dll
0x00007fffd8f20000 - 0x00007fffd8f32000 	C:\Windows\SYSTEM32\UMPDC.dll
0x00007fffd7250000 - 0x00007fffd7262000 	C:\Windows\SYSTEM32\kernel.appcore.dll
0x00007fffce140000 - 0x00007fffce14a000 	C:\Users\ZLATIBOR\.jdks\openjdk-23.0.1\bin\jimage.dll
0x00007fffba790000 - 0x00007fffba974000 	C:\Windows\SYSTEM32\DBGHELP.DLL
0x00007fffbb620000 - 0x00007fffbb654000 	C:\Windows\SYSTEM32\dbgcore.DLL
0x00007fffd93d0000 - 0x00007fffd9452000 	C:\Windows\System32\bcryptPrimitives.dll
0x00007fffd6380000 - 0x00007fffd638f000 	C:\Users\ZLATIBOR\.jdks\openjdk-23.0.1\bin\instrument.dll
0x00007fffaa280000 - 0x00007fffaa29e000 	C:\Users\ZLATIBOR\.jdks\openjdk-23.0.1\bin\java.dll
0x00007fffda4c0000 - 0x00007fffda5eb000 	C:\Windows\System32\ole32.dll
0x00007fffdae60000 - 0x00007fffdb1b3000 	C:\Windows\System32\combase.dll
0x00007fffdb450000 - 0x00007fffdbbbd000 	C:\Windows\System32\SHELL32.dll
0x00007fffd7450000 - 0x00007fffd7bf4000 	C:\Windows\SYSTEM32\windows.storage.dll
0x00007fffd8d90000 - 0x00007fffd8dbe000 	C:\Windows\SYSTEM32\Wldp.dll
0x00007fffdb280000 - 0x00007fffdb34d000 	C:\Windows\System32\OLEAUT32.dll
0x00007fffda9c0000 - 0x00007fffdaa6d000 	C:\Windows\System32\SHCORE.dll
0x00007fffdade0000 - 0x00007fffdae35000 	C:\Windows\System32\shlwapi.dll
0x00007fffd9300000 - 0x00007fffd9324000 	C:\Windows\SYSTEM32\profapi.dll
0x00007fffa9a70000 - 0x00007fffa9a87000 	C:\Users\ZLATIBOR\.jdks\openjdk-23.0.1\bin\zip.dll
0x00007fffc7890000 - 0x00007fffc78a0000 	C:\Users\ZLATIBOR\.jdks\openjdk-23.0.1\bin\net.dll
0x00007fffd8a90000 - 0x00007fffd8afa000 	C:\Windows\system32\mswsock.dll
0x00007fffa9b80000 - 0x00007fffa9b96000 	C:\Users\ZLATIBOR\.jdks\openjdk-23.0.1\bin\nio.dll
0x00007fffd3970000 - 0x00007fffd398a000 	D:\IntelliJ IDEA 2024.3\bin\breakgen64.dll
0x00007fffd38d0000 - 0x00007fffd38d9000 	C:\Users\ZLATIBOR\.jdks\openjdk-23.0.1\bin\extnet.dll
0x00007fffd87b0000 - 0x00007fffd887a000 	C:\Windows\SYSTEM32\DNSAPI.dll
0x00007fffd8770000 - 0x00007fffd87ab000 	C:\Windows\SYSTEM32\IPHLPAPI.DLL
0x00007fffdaa70000 - 0x00007fffdaa78000 	C:\Windows\System32\NSI.dll
0x00007fffd2270000 - 0x00007fffd227a000 	C:\Windows\System32\rasadhlp.dll
0x00007fffc6330000 - 0x00007fffc63b0000 	C:\Windows\System32\fwpuclnt.dll
0x00007fffd5ed0000 - 0x00007fffd5eda000 	C:\Users\ZLATIBOR\.jdks\openjdk-23.0.1\bin\management.dll
0x00007fffd2b30000 - 0x00007fffd2b3b000 	C:\Users\ZLATIBOR\.jdks\openjdk-23.0.1\bin\management_ext.dll
0x00007fffd9ed0000 - 0x00007fffd9ed8000 	C:\Windows\System32\PSAPI.DLL
0x00007fffd8c80000 - 0x00007fffd8c98000 	C:\Windows\SYSTEM32\CRYPTSP.dll
0x00007fffd83b0000 - 0x00007fffd83e4000 	C:\Windows\system32\rsaenh.dll
0x00007fffd92c0000 - 0x00007fffd92ee000 	C:\Windows\SYSTEM32\USERENV.dll
0x00007fffd8ca0000 - 0x00007fffd8cac000 	C:\Windows\SYSTEM32\CRYPTBASE.dll
0x00007fff9c3b0000 - 0x00007fff9c3c7000 	C:\Windows\system32\napinsp.dll
0x00007fff99dd0000 - 0x00007fff99deb000 	C:\Windows\system32\pnrpnsp.dll
0x00007fffd32c0000 - 0x00007fffd32d5000 	C:\Windows\system32\wshbth.dll
0x00007fffd58f0000 - 0x00007fffd590d000 	C:\Windows\system32\NLAapi.dll
0x00007fff99db0000 - 0x00007fff99dc2000 	C:\Windows\System32\winrnr.dll
0x00007fffc13c0000 - 0x00007fffc1411000 	C:\Windows\SYSTEM32\pdh.dll
0x00007fffb9bc0000 - 0x00007fffb9bcf000 	C:\Windows\System32\perfproc.dll
0x00007fffb9bb0000 - 0x00007fffb9bbf000 	C:\Windows\System32\perfos.dll
0x00007fffc4440000 - 0x00007fffc444e000 	C:\Users\ZLATIBOR\.jdks\openjdk-23.0.1\bin\sunmscapi.dll
0x00007fffd9980000 - 0x00007fffd9adc000 	C:\Windows\System32\CRYPT32.dll
0x00007fffd8e00000 - 0x00007fffd8e27000 	C:\Windows\SYSTEM32\ncrypt.dll
0x00007fffd8dc0000 - 0x00007fffd8dfb000 	C:\Windows\SYSTEM32\NTASN1.dll
0x00007fffd53f0000 - 0x00007fffd53f7000 	C:\Windows\system32\wshunix.dll

dbghelp: loaded successfully - version: 4.0.5 - missing functions: none
symbol engine: initialized successfully - sym options: 0x614 - pdb path: .;C:\Users\ZLATIBOR\.jdks\openjdk-23.0.1\bin;C:\Windows\SYSTEM32;C:\Windows\WinSxS\amd64_microsoft.windows.common-controls_6595b64144ccf1df_6.0.19041.4355_none_60b8b9eb71f62e16;C:\Users\ZLATIBOR\.jdks\openjdk-23.0.1\bin\server;D:\IntelliJ IDEA 2024.3\bin

VM Arguments:
jvm_args: -XX:TieredStopAtLevel=1 -Dspring.output.ansi.enabled=always -Dcom.sun.management.jmxremote -Dspring.jmx.enabled=true -Dspring.liveBeansView.mbeanDomain -Dspring.application.admin.enabled=true -Dmanagement.endpoints.jmx.exposure.include=* -javaagent:D:\IntelliJ IDEA 2024.3\lib\idea_rt.jar=52708:D:\IntelliJ IDEA 2024.3\bin -Dfile.encoding=UTF-8 -Dsun.stdout.encoding=UTF-8 -Dsun.stderr.encoding=UTF-8 
java_command: hu.adatbazis.egyenisport.EgyenisportApplication
java_class_path (initial): C:\Users\ZLATIBOR\Desktop\adatbázis\egyenisport\target\classes;C:\Users\ZLATIBOR\.m2\repository\org\springframework\boot\spring-boot-starter-thymeleaf\3.4.0\spring-boot-starter-thymeleaf-3.4.0.jar;C:\Users\ZLATIBOR\.m2\repository\org\springframework\boot\spring-boot-starter\3.4.0\spring-boot-starter-3.4.0.jar;C:\Users\ZLATIBOR\.m2\repository\org\springframework\boot\spring-boot-starter-logging\3.4.0\spring-boot-starter-logging-3.4.0.jar;C:\Users\ZLATIBOR\.m2\repository\ch\qos\logback\logback-classic\1.5.12\logback-classic-1.5.12.jar;C:\Users\ZLATIBOR\.m2\repository\ch\qos\logback\logback-core\1.5.12\logback-core-1.5.12.jar;C:\Users\ZLATIBOR\.m2\repository\org\apache\logging\log4j\log4j-to-slf4j\2.24.1\log4j-to-slf4j-2.24.1.jar;C:\Users\ZLATIBOR\.m2\repository\org\apache\logging\log4j\log4j-api\2.24.1\log4j-api-2.24.1.jar;C:\Users\ZLATIBOR\.m2\repository\org\slf4j\jul-to-slf4j\2.0.16\jul-to-slf4j-2.0.16.jar;C:\Users\ZLATIBOR\.m2\repository\jakarta\annotation\jakarta.annotation-api\2.1.1\jakarta.annotation-api-2.1.1.jar;C:\Users\ZLATIBOR\.m2\repository\org\yaml\snakeyaml\2.3\snakeyaml-2.3.jar;C:\Users\ZLATIBOR\.m2\repository\org\thymeleaf\thymeleaf-spring6\3.1.2.RELEASE\thymeleaf-spring6-3.1.2.RELEASE.jar;C:\Users\ZLATIBOR\.m2\repository\org\thymeleaf\thymeleaf\3.1.2.RELEASE\thymeleaf-3.1.2.RELEASE.jar;C:\Users\ZLATIBOR\.m2\repository\org\attoparser\attoparser\2.0.7.RELEASE\attoparser-2.0.7.RELEASE.jar;C:\Users\ZLATIBOR\.m2\repository\org\unbescape\unbescape\1.1.6.RELEASE\unbescape-1.1.6.RELEASE.jar;C:\Users\ZLATIBOR\.m2\repository\org\slf4j\slf4j-api\2.0.16\slf4j-api-2.0.16.jar;C:\Users\ZLATIBOR\.m2\repository\org\springframework\boot\spring-boot-starter-web\3.4.0\spring-boot-starter-web-3.4.0.jar;C:\Users\ZLATIBOR\.m2\repository\org\springframework\boot\spring-boot-starter-json\3.4.0\spring-boot-starter-json-3.4.0.jar;C:\Users\ZLATIBOR\.m2\repository\com\fasterxml\jackson\core\jackson-databind\2.18.1\jackson-databind-2.18.1.jar;C:\Users\ZLATIBOR\.m2\repository\com\fasterxml\jackson\core\jackson-annotations\2.18.1\jackson-annotations-2.18.1.jar;C:\Users\ZLATIBOR\.m2\repository\com\fasterxml\jackson\core\jackson-core\2.18.1\jackson-core-2.18.1.jar;C:\Users\ZLATIBOR\.m2\repository\com\fasterxml\jackson\datatype\jackson-datatype-jdk8\2.18.1\jackson-datatype-jdk8-2.18.1.jar;C:\Users\ZLATIBOR\.m2\repository\com\fasterxml\jackson\datatype\jackson-datatype-jsr310\2.18.1\jackson-datatype-jsr310-2.18.1.jar;C:\Users\ZLATIBOR\.m2\repository\com\fasterxml\jackson\module\jackson-module-parameter-names\2.18.1\jackson-module-parameter-names-2.18.1.jar;C:\Users\ZLATIBOR\.m2\repository\org\springframework\boot\spring-boot-starter-tomcat\3.4.0\spring-boot-starter-tomcat-3.4.0.jar;C:\Users\ZLATIBOR\.m2\repository\org\apache\tomcat\embed\tomcat-embed-core\10.1.33\tomcat-embed-core-10.1.33.jar;C:\Users\ZLATIBOR\.m2\repository\org\apache\tomcat\embed\tomcat-embed-el\10.1.33\tomcat-embed-el-10.1.33.jar;C:\Users\ZLATIBOR\.m2\repository\org\apache\tomcat\embed\tomcat-embed-websocket\10.1.33\tomcat-embed-websocket-10.1.33.jar;C:\Users\ZLATIBOR\.m2\repository\org\springframework\spring-web\6.2.0\spring-web-6.2.0.jar;C:\Users\ZLATIBOR\.m2\repository\org\springframework\spring-beans\6.2.0\spring-beans-6.2.0.jar;C:\Users\ZLATIBOR\.m2\repository\io\micrometer\micrometer-observation\1.14.1\micrometer-observation-1.14.1.jar;C:\Users\ZLATIBOR\.m2\repository\io\micrometer\micrometer-commons\1.14.1\micrometer-commons-1.14.1.jar;C:\Users\ZLATIBOR\.m2\repository\org\springframework\spring-webmvc\6.2.0\spring-webmvc-6.2.0.jar;C:\Users\ZLATIBOR\.m2\repository\org\springframework\spring-aop\6.2.0\spring-aop-6.2.0.jar;C:\Users\ZLATIBOR\.m2\repository\org\springframework\spring-context\6.2.0\spring-context-6.2.0.jar;C:\Users\ZLATIBOR\.m2\repository\org\springframework\spring-expression\6.2.0\spring-expression-6.2.0.jar;C:\Users\ZLATIBOR\.m2\repository\com\mysql\mysql-connector-j\9.1.0\mysql-connector-j-9.1.0.jar;C:\Users\ZLATIBOR\.m2\repository\org\projectlombok\lombok\1.18.36\lombok-1.18.36.jar;C:\Users\ZLATIBOR\.m2\repository\org\springframework\spring-core\6.2.0\spring-core-6.2.0.jar;C:\Users\ZLATIBOR\.m2\repository\org\springframework\spring-jcl\6.2.0\spring-jcl-6.2.0.jar;C:\Users\ZLATIBOR\.m2\repository\org\springframework\boot\spring-boot-devtools\3.4.0\spring-boot-devtools-3.4.0.jar;C:\Users\ZLATIBOR\.m2\repository\org\springframework\boot\spring-boot\3.4.0\spring-boot-3.4.0.jar;C:\Users\ZLATIBOR\.m2\repository\org\springframework\boot\spring-boot-autoconfigure\3.4.0\spring-boot-autoconfigure-3.4.0.jar;C:\Users\ZLATIBOR\.m2\repository\org\springframework\boot\spring-boot-starter-jdbc\3.4.0\spring-boot-starter-jdbc-3.4.0.jar;C:\Users\ZLATIBOR\.m2\repository\com\zaxxer\HikariCP\5.1.0\HikariCP-5.1.0.jar;C:\Users\ZLATIBOR\.m2\repository\org\springframework\spring-jdbc\6.2.0\spring-jdbc-6.2.0.jar;C:\Users\ZLATIBOR\.m2\repository\org\springframework\spring-tx\6.2.0\spring-tx-6.2.0.jar
Launcher Type: SUN_STANDARD

[Global flags]
     intx CICompilerCount                          = 3                                         {product} {ergonomic}
     uint ConcGCThreads                            = 1                                         {product} {ergonomic}
     uint G1ConcRefinementThreads                  = 4                                         {product} {ergonomic}
   size_t G1HeapRegionSize                         = 1048576                                   {product} {ergonomic}
   size_t InitialHeapSize                          = 67108864                                  {product} {ergonomic}
     bool ManagementServer                         = true                                      {product} {command line}
   size_t MarkStackSize                            = 4194304                                   {product} {ergonomic}
   size_t MarkStackSizeMax                         = 536870912                                 {product} {ergonomic}
   size_t MaxHeapSize                              = 1050673152                                {product} {ergonomic}
   size_t MaxNewSize                               = 630194176                                 {product} {ergonomic}
   size_t MinHeapDeltaBytes                        = 1048576                                   {product} {ergonomic}
   size_t MinHeapSize                              = 8388608                                   {product} {ergonomic}
    uintx NonNMethodCodeHeapSize                   = 4096                                   {pd product} {ergonomic}
    uintx NonProfiledCodeHeapSize                  = 0                                      {pd product} {ergonomic}
     bool ProfileInterpreter                       = false                                  {pd product} {command line}
    uintx ProfiledCodeHeapSize                     = 0                                      {pd product} {ergonomic}
   size_t SoftMaxHeapSize                          = 1050673152                             {manageable} {ergonomic}
     intx TieredStopAtLevel                        = 1                                         {product} {command line}
     bool UseCompressedOops                        = true                           {product lp64_product} {ergonomic}
     bool UseG1GC                                  = true                                      {product} {ergonomic}
     bool UseLargePagesIndividualAllocation        = false                                  {pd product} {ergonomic}

Logging:
Log output configuration:
 #0: stdout all=warning uptime,level,tags foldmultilines=false
 #1: stderr all=off uptime,level,tags foldmultilines=false

Environment Variables:
PATH=C:\Program Files (x86)\Common Files\Oracle\Java\javapath;C:\Windows\system32;C:\Windows;C:\Windows\System32\Wbem;C:\Windows\System32\WindowsPowerShell\v1.0\;C:\Windows\System32\OpenSSH\;D:\Git\cmd;C:\Program Files\nodejs\;C:\Users\ZLATIBOR\AppData\Local\Programs\Python\Launcher\;C:\Users\ZLATIBOR\AppData\Local\Microsoft\WindowsApps;C:\Users\ZLATIBOR\AppData\Local\Programs\Microsoft VS Code\bin;C:\Users\ZLATIBOR\AppData\Roaming\npm
USERNAME=ZLATIBOR
OS=Windows_NT
PROCESSOR_IDENTIFIER=Intel64 Family 6 Model 78 Stepping 3, GenuineIntel
TMP=C:\Users\ZLATIBOR\AppData\Local\Temp
TEMP=C:\Users\ZLATIBOR\AppData\Local\Temp




Periodic native trim disabled

---------------  S Y S T E M  ---------------

OS:
 Windows 10 , 64 bit Build 19041 (10.0.19041.5072)
OS uptime: 0 days 4:02 hours

CPU: total 4 (initial active 4) (2 cores per cpu, 2 threads per core) family 6 model 78 stepping 3 microcode 0xcc, cx8, cmov, fxsr, ht, mmx, 3dnowpref, sse, sse2, sse3, ssse3, sse4.1, sse4.2, popcnt, lzcnt, tsc, tscinvbit, avx, avx2, aes, erms, clmul, bmi1, bmi2, adx, fma, vzeroupper, clflush, clflushopt, rdtscp, f16c
Processor Information for the first 4 processors :
  Max Mhz: 2400, Current Mhz: 2300, Mhz Limit: 2280

Memory: 4k page, system-wide physical 4006M (571M free)
TotalPageFile size 10327M (AvailPageFile size 0M)
current process WorkingSet (physical memory assigned to process): 145M, peak: 151M
current process commit charge ("private bytes"): 182M, peak: 183M

vm_info: OpenJDK 64-Bit Server VM (23.0.1+11-39) for windows-amd64 JRE (23.0.1+11-39), built on 2024-09-30T07:20:43Z with MS VC++ 17.6 (VS2022)

END.
